{"/Users/momiyamashodai/LifeChain/server/src/app.js": {"path":"/Users/momiyamashodai/LifeChain/server/src/app.js","statementMap":{"0":{"start":{"line":7,"column":0},"end":{"line":7,"column":16}},"1":{"start":{"line":10,"column":12},"end":{"line":10,"column":21}},"2":{"start":{"line":12,"column":0},"end":{"line":12,"column":16}},"3":{"start":{"line":13,"column":0},"end":{"line":13,"column":24}},"4":{"start":{"line":14,"column":0},"end":{"line":14,"column":24}}},"fnMap":{},"branchMap":{},"s":{"0":2,"1":2,"2":2,"3":2,"4":2},"f":{},"b":{},"inputSourceMap":null,"_coverageSchema":"1a1c01bbd47fc00a2c39e90264f33305004495a9","hash":"c354494b3f82c7d3b4fa6b1558701ea082947b7e"}
,"/Users/momiyamashodai/LifeChain/server/src/config.js": {"path":"/Users/momiyamashodai/LifeChain/server/src/config.js","statementMap":{"0":{"start":{"line":2,"column":15},"end":{"line":6,"column":1}}},"fnMap":{},"branchMap":{"0":{"loc":{"start":{"line":3,"column":25},"end":{"line":3,"column":74}},"type":"binary-expr","locations":[{"start":{"line":3,"column":25},"end":{"line":3,"column":57}},{"start":{"line":3,"column":61},"end":{"line":3,"column":74}}],"line":3},"1":{"loc":{"start":{"line":4,"column":25},"end":{"line":4,"column":64}},"type":"binary-expr","locations":[{"start":{"line":4,"column":25},"end":{"line":4,"column":58}},{"start":{"line":4,"column":62},"end":{"line":4,"column":64}}],"line":4}},"s":{"0":4},"f":{},"b":{"0":[4,4],"1":[4,4]},"inputSourceMap":null,"_coverageSchema":"1a1c01bbd47fc00a2c39e90264f33305004495a9","hash":"80055798ab84dec4dfd8f0521d0c21c7dda99260"}
,"/Users/momiyamashodai/LifeChain/server/src/routes.js": {"path":"/Users/momiyamashodai/LifeChain/server/src/routes.js","statementMap":{"0":{"start":{"line":8,"column":15},"end":{"line":8,"column":31}},"1":{"start":{"line":10,"column":0},"end":{"line":10,"column":49}},"2":{"start":{"line":11,"column":0},"end":{"line":11,"column":55}},"3":{"start":{"line":13,"column":0},"end":{"line":13,"column":84}},"4":{"start":{"line":14,"column":0},"end":{"line":14,"column":84}},"5":{"start":{"line":15,"column":0},"end":{"line":15,"column":87}},"6":{"start":{"line":16,"column":0},"end":{"line":16,"column":90}}},"fnMap":{},"branchMap":{},"s":{"0":2,"1":2,"2":2,"3":2,"4":2,"5":2,"6":2},"f":{},"b":{},"inputSourceMap":null,"_coverageSchema":"1a1c01bbd47fc00a2c39e90264f33305004495a9","hash":"cbc2ba8f865d385b370efced6a6853c2ea03c9ff"}
,"/Users/momiyamashodai/LifeChain/server/src/config/database.js": {"path":"/Users/momiyamashodai/LifeChain/server/src/config/database.js","statementMap":{"0":{"start":{"line":4,"column":0},"end":{"line":4,"column":16}},"1":{"start":{"line":6,"column":16},"end":{"line":17,"column":1}},"2":{"start":{"line":7,"column":4},"end":{"line":16,"column":5}},"3":{"start":{"line":8,"column":8},"end":{"line":11,"column":11}},"4":{"start":{"line":12,"column":8},"end":{"line":12,"column":44}},"5":{"start":{"line":14,"column":8},"end":{"line":14,"column":61}},"6":{"start":{"line":15,"column":8},"end":{"line":15,"column":20}},"7":{"start":{"line":19,"column":19},"end":{"line":27,"column":1}},"8":{"start":{"line":20,"column":4},"end":{"line":26,"column":5}},"9":{"start":{"line":21,"column":8},"end":{"line":21,"column":36}},"10":{"start":{"line":22,"column":8},"end":{"line":22,"column":49}},"11":{"start":{"line":24,"column":8},"end":{"line":24,"column":66}},"12":{"start":{"line":25,"column":8},"end":{"line":25,"column":24}}},"fnMap":{"0":{"name":"(anonymous_0)","decl":{"start":{"line":6,"column":16},"end":{"line":6,"column":17}},"loc":{"start":{"line":6,"column":28},"end":{"line":17,"column":1}},"line":6},"1":{"name":"(anonymous_1)","decl":{"start":{"line":19,"column":19},"end":{"line":19,"column":20}},"loc":{"start":{"line":19,"column":31},"end":{"line":27,"column":1}},"line":19}},"branchMap":{},"s":{"0":2,"1":2,"2":2,"3":2,"4":2,"5":0,"6":0,"7":2,"8":2,"9":2,"10":2,"11":0,"12":0},"f":{"0":2,"1":2},"b":{},"inputSourceMap":null,"_coverageSchema":"1a1c01bbd47fc00a2c39e90264f33305004495a9","hash":"bf4bb3e4bb199fb7af27d0d520dae697a085cefa"}
,"/Users/momiyamashodai/LifeChain/server/src/config/lit.js": {"path":"/Users/momiyamashodai/LifeChain/server/src/config/lit.js","statementMap":{"0":{"start":{"line":5,"column":32},"end":{"line":17,"column":1}},"1":{"start":{"line":6,"column":21},"end":{"line":6,"column":78}},"2":{"start":{"line":7,"column":19},"end":{"line":7,"column":71}},"3":{"start":{"line":9,"column":25},"end":{"line":12,"column":6}},"4":{"start":{"line":14,"column":4},"end":{"line":14,"column":33}},"5":{"start":{"line":16,"column":4},"end":{"line":16,"column":24}}},"fnMap":{"0":{"name":"(anonymous_0)","decl":{"start":{"line":5,"column":32},"end":{"line":5,"column":33}},"loc":{"start":{"line":5,"column":44},"end":{"line":17,"column":1}},"line":5}},"branchMap":{},"s":{"0":0,"1":0,"2":0,"3":0,"4":0,"5":0},"f":{"0":0},"b":{},"inputSourceMap":null}
,"/Users/momiyamashodai/LifeChain/server/src/controllers/auth/AuthController.js": {"path":"/Users/momiyamashodai/LifeChain/server/src/controllers/auth/AuthController.js","statementMap":{"0":{"start":{"line":8,"column":14},"end":{"line":30,"column":1}},"1":{"start":{"line":10,"column":32},"end":{"line":10,"column":40}},"2":{"start":{"line":12,"column":4},"end":{"line":29,"column":5}},"3":{"start":{"line":13,"column":21},"end":{"line":13,"column":50}},"4":{"start":{"line":14,"column":8},"end":{"line":16,"column":9}},"5":{"start":{"line":15,"column":12},"end":{"line":15,"column":82}},"6":{"start":{"line":18,"column":32},"end":{"line":18,"column":77}},"7":{"start":{"line":19,"column":8},"end":{"line":21,"column":9}},"8":{"start":{"line":20,"column":12},"end":{"line":20,"column":82}},"9":{"start":{"line":23,"column":22},"end":{"line":23,"column":45}},"10":{"start":{"line":25,"column":8},"end":{"line":25,"column":40}},"11":{"start":{"line":27,"column":8},"end":{"line":27,"column":52}},"12":{"start":{"line":28,"column":8},"end":{"line":28,"column":67}},"13":{"start":{"line":33,"column":17},"end":{"line":61,"column":1}},"14":{"start":{"line":34,"column":47},"end":{"line":34,"column":55}},"15":{"start":{"line":36,"column":4},"end":{"line":60,"column":5}},"16":{"start":{"line":37,"column":29},"end":{"line":37,"column":88}},"17":{"start":{"line":38,"column":8},"end":{"line":40,"column":9}},"18":{"start":{"line":39,"column":12},"end":{"line":39,"column":76}},"19":{"start":{"line":42,"column":31},"end":{"line":42,"column":62}},"20":{"start":{"line":44,"column":30},"end":{"line":44,"column":53}},"21":{"start":{"line":45,"column":24},"end":{"line":50,"column":10}},"22":{"start":{"line":51,"column":8},"end":{"line":51,"column":29}},"23":{"start":{"line":52,"column":8},"end":{"line":52,"column":74}},"24":{"start":{"line":54,"column":8},"end":{"line":54,"column":59}},"25":{"start":{"line":55,"column":8},"end":{"line":59,"column":9}},"26":{"start":{"line":56,"column":12},"end":{"line":56,"column":91}},"27":{"start":{"line":58,"column":12},"end":{"line":58,"column":71}}},"fnMap":{"0":{"name":"(anonymous_0)","decl":{"start":{"line":8,"column":14},"end":{"line":8,"column":15}},"loc":{"start":{"line":8,"column":34},"end":{"line":30,"column":1}},"line":8},"1":{"name":"(anonymous_1)","decl":{"start":{"line":33,"column":17},"end":{"line":33,"column":18}},"loc":{"start":{"line":33,"column":37},"end":{"line":61,"column":1}},"line":33}},"branchMap":{"0":{"loc":{"start":{"line":14,"column":8},"end":{"line":16,"column":9}},"type":"if","locations":[{"start":{"line":14,"column":8},"end":{"line":16,"column":9}},{"start":{},"end":{}}],"line":14},"1":{"loc":{"start":{"line":19,"column":8},"end":{"line":21,"column":9}},"type":"if","locations":[{"start":{"line":19,"column":8},"end":{"line":21,"column":9}},{"start":{},"end":{}}],"line":19},"2":{"loc":{"start":{"line":38,"column":8},"end":{"line":40,"column":9}},"type":"if","locations":[{"start":{"line":38,"column":8},"end":{"line":40,"column":9}},{"start":{},"end":{}}],"line":38},"3":{"loc":{"start":{"line":55,"column":8},"end":{"line":59,"column":9}},"type":"if","locations":[{"start":{"line":55,"column":8},"end":{"line":59,"column":9}},{"start":{"line":57,"column":15},"end":{"line":59,"column":9}}],"line":55}},"s":{"0":2,"1":2,"2":2,"3":2,"4":2,"5":2,"6":0,"7":0,"8":0,"9":0,"10":0,"11":0,"12":0,"13":2,"14":2,"15":2,"16":2,"17":2,"18":1,"19":1,"20":1,"21":1,"22":1,"23":1,"24":0,"25":0,"26":0,"27":0},"f":{"0":2,"1":2},"b":{"0":[2,0],"1":[0,0],"2":[1,1],"3":[0,0]},"inputSourceMap":null,"_coverageSchema":"1a1c01bbd47fc00a2c39e90264f33305004495a9","hash":"de151434eaf52865d6bb95be3e6b93578e20ccd2"}
,"/Users/momiyamashodai/LifeChain/server/src/controllers/digitalArchive/DigitalArchiveController.js": {"path":"/Users/momiyamashodai/LifeChain/server/src/controllers/digitalArchive/DigitalArchiveController.js","statementMap":{"0":{"start":{"line":12,"column":15},"end":{"line":41,"column":1}},"1":{"start":{"line":13,"column":24},"end":{"line":13,"column":32}},"2":{"start":{"line":14,"column":19},"end":{"line":14,"column":29}},"3":{"start":{"line":16,"column":4},"end":{"line":40,"column":5}},"4":{"start":{"line":17,"column":8},"end":{"line":19,"column":9}},"5":{"start":{"line":18,"column":12},"end":{"line":18,"column":62}},"6":{"start":{"line":20,"column":31},"end":{"line":20,"column":74}},"7":{"start":{"line":21,"column":21},"end":{"line":21,"column":55}},"8":{"start":{"line":22,"column":20},"end":{"line":22,"column":59}},"9":{"start":{"line":23,"column":8},"end":{"line":26,"column":11}},"10":{"start":{"line":29,"column":8},"end":{"line":29,"column":84}},"11":{"start":{"line":31,"column":8},"end":{"line":31,"column":98}},"12":{"start":{"line":33,"column":8},"end":{"line":33,"column":71}},"13":{"start":{"line":34,"column":8},"end":{"line":39,"column":9}},"14":{"start":{"line":35,"column":12},"end":{"line":35,"column":74}},"15":{"start":{"line":38,"column":12},"end":{"line":38,"column":137}},"16":{"start":{"line":44,"column":12},"end":{"line":63,"column":1}},"17":{"start":{"line":45,"column":19},"end":{"line":45,"column":29}},"18":{"start":{"line":46,"column":19},"end":{"line":46,"column":29}},"19":{"start":{"line":48,"column":4},"end":{"line":62,"column":5}},"20":{"start":{"line":49,"column":31},"end":{"line":49,"column":87}},"21":{"start":{"line":50,"column":8},"end":{"line":52,"column":9}},"22":{"start":{"line":51,"column":12},"end":{"line":51,"column":82}},"23":{"start":{"line":54,"column":33},"end":{"line":54,"column":74}},"24":{"start":{"line":55,"column":27},"end":{"line":55,"column":54}},"25":{"start":{"line":56,"column":33},"end":{"line":56,"column":87}},"26":{"start":{"line":58,"column":8},"end":{"line":58,"column":110}},"27":{"start":{"line":60,"column":8},"end":{"line":60,"column":66}},"28":{"start":{"line":61,"column":8},"end":{"line":61,"column":67}},"29":{"start":{"line":67,"column":15},"end":{"line":84,"column":1}},"30":{"start":{"line":68,"column":19},"end":{"line":68,"column":29}},"31":{"start":{"line":69,"column":24},"end":{"line":69,"column":32}},"32":{"start":{"line":70,"column":19},"end":{"line":70,"column":29}},"33":{"start":{"line":72,"column":4},"end":{"line":83,"column":5}},"34":{"start":{"line":73,"column":31},"end":{"line":73,"column":87}},"35":{"start":{"line":74,"column":8},"end":{"line":76,"column":9}},"36":{"start":{"line":75,"column":12},"end":{"line":75,"column":82}},"37":{"start":{"line":78,"column":38},"end":{"line":78,"column":89}},"38":{"start":{"line":79,"column":8},"end":{"line":79,"column":121}},"39":{"start":{"line":81,"column":8},"end":{"line":81,"column":64}},"40":{"start":{"line":82,"column":8},"end":{"line":82,"column":67}},"41":{"start":{"line":86,"column":15},"end":{"line":102,"column":1}},"42":{"start":{"line":87,"column":19},"end":{"line":87,"column":29}},"43":{"start":{"line":88,"column":19},"end":{"line":88,"column":29}},"44":{"start":{"line":90,"column":4},"end":{"line":101,"column":5}},"45":{"start":{"line":91,"column":31},"end":{"line":91,"column":87}},"46":{"start":{"line":92,"column":8},"end":{"line":94,"column":9}},"47":{"start":{"line":93,"column":12},"end":{"line":93,"column":82}},"48":{"start":{"line":96,"column":8},"end":{"line":96,"column":51}},"49":{"start":{"line":97,"column":8},"end":{"line":97,"column":82}},"50":{"start":{"line":99,"column":8},"end":{"line":99,"column":64}},"51":{"start":{"line":100,"column":8},"end":{"line":100,"column":67}}},"fnMap":{"0":{"name":"(anonymous_0)","decl":{"start":{"line":12,"column":15},"end":{"line":12,"column":16}},"loc":{"start":{"line":12,"column":35},"end":{"line":41,"column":1}},"line":12},"1":{"name":"(anonymous_1)","decl":{"start":{"line":44,"column":12},"end":{"line":44,"column":13}},"loc":{"start":{"line":44,"column":32},"end":{"line":63,"column":1}},"line":44},"2":{"name":"(anonymous_2)","decl":{"start":{"line":67,"column":15},"end":{"line":67,"column":16}},"loc":{"start":{"line":67,"column":35},"end":{"line":84,"column":1}},"line":67},"3":{"name":"(anonymous_3)","decl":{"start":{"line":86,"column":15},"end":{"line":86,"column":16}},"loc":{"start":{"line":86,"column":35},"end":{"line":102,"column":1}},"line":86}},"branchMap":{"0":{"loc":{"start":{"line":17,"column":8},"end":{"line":19,"column":9}},"type":"if","locations":[{"start":{"line":17,"column":8},"end":{"line":19,"column":9}},{"start":{},"end":{}}],"line":17},"1":{"loc":{"start":{"line":34,"column":8},"end":{"line":39,"column":9}},"type":"if","locations":[{"start":{"line":34,"column":8},"end":{"line":39,"column":9}},{"start":{"line":37,"column":15},"end":{"line":39,"column":9}}],"line":34},"2":{"loc":{"start":{"line":50,"column":8},"end":{"line":52,"column":9}},"type":"if","locations":[{"start":{"line":50,"column":8},"end":{"line":52,"column":9}},{"start":{},"end":{}}],"line":50},"3":{"loc":{"start":{"line":74,"column":8},"end":{"line":76,"column":9}},"type":"if","locations":[{"start":{"line":74,"column":8},"end":{"line":76,"column":9}},{"start":{},"end":{}}],"line":74},"4":{"loc":{"start":{"line":92,"column":8},"end":{"line":94,"column":9}},"type":"if","locations":[{"start":{"line":92,"column":8},"end":{"line":94,"column":9}},{"start":{},"end":{}}],"line":92}},"s":{"0":2,"1":0,"2":0,"3":0,"4":0,"5":0,"6":0,"7":0,"8":0,"9":0,"10":0,"11":0,"12":0,"13":0,"14":0,"15":0,"16":2,"17":0,"18":0,"19":0,"20":0,"21":0,"22":0,"23":0,"24":0,"25":0,"26":0,"27":0,"28":0,"29":2,"30":0,"31":0,"32":0,"33":0,"34":0,"35":0,"36":0,"37":0,"38":0,"39":0,"40":0,"41":2,"42":0,"43":0,"44":0,"45":0,"46":0,"47":0,"48":0,"49":0,"50":0,"51":0},"f":{"0":0,"1":0,"2":0,"3":0},"b":{"0":[0,0],"1":[0,0],"2":[0,0],"3":[0,0],"4":[0,0]},"inputSourceMap":null,"_coverageSchema":"1a1c01bbd47fc00a2c39e90264f33305004495a9","hash":"d949c484562a62963a1e3152348af176df562f02"}
,"/Users/momiyamashodai/LifeChain/server/src/lib/IrysClient.js": {"path":"/Users/momiyamashodai/LifeChain/server/src/lib/IrysClient.js","statementMap":{"0":{"start":{"line":5,"column":0},"end":{"line":5,"column":16}},"1":{"start":{"line":11,"column":8},"end":{"line":11,"column":25}},"2":{"start":{"line":12,"column":8},"end":{"line":12,"column":20}},"3":{"start":{"line":16,"column":8},"end":{"line":31,"column":9}},"4":{"start":{"line":17,"column":28},"end":{"line":17,"column":36}},"5":{"start":{"line":18,"column":32},"end":{"line":18,"column":65}},"6":{"start":{"line":19,"column":26},"end":{"line":19,"column":36}},"7":{"start":{"line":21,"column":12},"end":{"line":26,"column":15}},"8":{"start":{"line":27,"column":12},"end":{"line":27,"column":29}},"9":{"start":{"line":29,"column":12},"end":{"line":29,"column":67}},"10":{"start":{"line":30,"column":12},"end":{"line":30,"column":24}},"11":{"start":{"line":36,"column":8},"end":{"line":41,"column":9}},"12":{"start":{"line":37,"column":27},"end":{"line":37,"column":81}},"13":{"start":{"line":38,"column":12},"end":{"line":38,"column":113}},"14":{"start":{"line":40,"column":12},"end":{"line":40,"column":50}},"15":{"start":{"line":45,"column":30},"end":{"line":45,"column":64}},"16":{"start":{"line":46,"column":33},"end":{"line":46,"column":74}},"17":{"start":{"line":47,"column":8},"end":{"line":47,"column":32}},"18":{"start":{"line":51,"column":28},"end":{"line":51,"column":62}},"19":{"start":{"line":52,"column":31},"end":{"line":52,"column":70}},"20":{"start":{"line":53,"column":8},"end":{"line":53,"column":30}},"21":{"start":{"line":57,"column":8},"end":{"line":59,"column":9}},"22":{"start":{"line":58,"column":12},"end":{"line":58,"column":58}},"23":{"start":{"line":60,"column":8},"end":{"line":67,"column":9}},"24":{"start":{"line":61,"column":28},"end":{"line":61,"column":56}},"25":{"start":{"line":62,"column":12},"end":{"line":62,"column":84}},"26":{"start":{"line":63,"column":12},"end":{"line":63,"column":27}},"27":{"start":{"line":65,"column":12},"end":{"line":65,"column":57}},"28":{"start":{"line":66,"column":12},"end":{"line":66,"column":24}},"29":{"start":{"line":71,"column":8},"end":{"line":77,"column":9}},"30":{"start":{"line":72,"column":29},"end":{"line":72,"column":71}},"31":{"start":{"line":73,"column":12},"end":{"line":73,"column":28}},"32":{"start":{"line":75,"column":12},"end":{"line":75,"column":52}},"33":{"start":{"line":76,"column":12},"end":{"line":76,"column":20}},"34":{"start":{"line":81,"column":8},"end":{"line":87,"column":9}},"35":{"start":{"line":82,"column":29},"end":{"line":82,"column":78}},"36":{"start":{"line":83,"column":12},"end":{"line":83,"column":28}},"37":{"start":{"line":85,"column":12},"end":{"line":85,"column":54}},"38":{"start":{"line":86,"column":12},"end":{"line":86,"column":20}},"39":{"start":{"line":91,"column":8},"end":{"line":93,"column":9}},"40":{"start":{"line":92,"column":12},"end":{"line":92,"column":58}},"41":{"start":{"line":94,"column":8},"end":{"line":100,"column":9}},"42":{"start":{"line":95,"column":28},"end":{"line":95,"column":75}},"43":{"start":{"line":96,"column":12},"end":{"line":96,"column":27}},"44":{"start":{"line":98,"column":12},"end":{"line":98,"column":59}},"45":{"start":{"line":99,"column":12},"end":{"line":99,"column":24}}},"fnMap":{"0":{"name":"(anonymous_0)","decl":{"start":{"line":10,"column":4},"end":{"line":10,"column":5}},"loc":{"start":{"line":10,"column":18},"end":{"line":13,"column":5}},"line":10},"1":{"name":"(anonymous_1)","decl":{"start":{"line":15,"column":4},"end":{"line":15,"column":5}},"loc":{"start":{"line":15,"column":17},"end":{"line":32,"column":5}},"line":15},"2":{"name":"(anonymous_2)","decl":{"start":{"line":35,"column":4},"end":{"line":35,"column":5}},"loc":{"start":{"line":35,"column":23},"end":{"line":42,"column":5}},"line":35},"3":{"name":"(anonymous_3)","decl":{"start":{"line":44,"column":4},"end":{"line":44,"column":5}},"loc":{"start":{"line":44,"column":29},"end":{"line":48,"column":5}},"line":44},"4":{"name":"(anonymous_4)","decl":{"start":{"line":50,"column":4},"end":{"line":50,"column":5}},"loc":{"start":{"line":50,"column":29},"end":{"line":54,"column":5}},"line":50},"5":{"name":"(anonymous_5)","decl":{"start":{"line":56,"column":4},"end":{"line":56,"column":5}},"loc":{"start":{"line":56,"column":23},"end":{"line":68,"column":5}},"line":56},"6":{"name":"(anonymous_6)","decl":{"start":{"line":70,"column":4},"end":{"line":70,"column":5}},"loc":{"start":{"line":70,"column":37},"end":{"line":78,"column":5}},"line":70},"7":{"name":"(anonymous_7)","decl":{"start":{"line":80,"column":4},"end":{"line":80,"column":5}},"loc":{"start":{"line":80,"column":44},"end":{"line":88,"column":5}},"line":80},"8":{"name":"(anonymous_8)","decl":{"start":{"line":90,"column":4},"end":{"line":90,"column":5}},"loc":{"start":{"line":90,"column":36},"end":{"line":101,"column":5}},"line":90}},"branchMap":{"0":{"loc":{"start":{"line":57,"column":8},"end":{"line":59,"column":9}},"type":"if","locations":[{"start":{"line":57,"column":8},"end":{"line":59,"column":9}},{"start":{},"end":{}}],"line":57},"1":{"loc":{"start":{"line":91,"column":8},"end":{"line":93,"column":9}},"type":"if","locations":[{"start":{"line":91,"column":8},"end":{"line":93,"column":9}},{"start":{},"end":{}}],"line":91}},"s":{"0":4,"1":4,"2":4,"3":4,"4":4,"5":4,"6":4,"7":4,"8":4,"9":0,"10":0,"11":1,"12":1,"13":1,"14":0,"15":0,"16":0,"17":0,"18":3,"19":3,"20":3,"21":2,"22":0,"23":2,"24":2,"25":2,"26":2,"27":0,"28":0,"29":0,"30":0,"31":0,"32":0,"33":0,"34":0,"35":0,"36":0,"37":0,"38":0,"39":2,"40":0,"41":2,"42":2,"43":2,"44":0,"45":0},"f":{"0":4,"1":4,"2":1,"3":0,"4":3,"5":2,"6":0,"7":0,"8":2},"b":{"0":[0,2],"1":[0,2]},"inputSourceMap":null,"_coverageSchema":"1a1c01bbd47fc00a2c39e90264f33305004495a9","hash":"fa7f54b8a402b62a8892396e8ad44583dc806da3"}
,"/Users/momiyamashodai/LifeChain/server/src/lib/LitActions.js": {"path":"/Users/momiyamashodai/LifeChain/server/src/lib/LitActions.js","statementMap":{},"fnMap":{},"branchMap":{},"s":{},"f":{},"b":{},"inputSourceMap":null}
,"/Users/momiyamashodai/LifeChain/server/src/middlewares/auth.js": {"path":"/Users/momiyamashodai/LifeChain/server/src/middlewares/auth.js","statementMap":{"0":{"start":{"line":4,"column":23},"end":{"line":18,"column":1}},"1":{"start":{"line":5,"column":18},"end":{"line":5,"column":43}},"2":{"start":{"line":7,"column":4},"end":{"line":9,"column":5}},"3":{"start":{"line":8,"column":8},"end":{"line":8,"column":70}},"4":{"start":{"line":11,"column":4},"end":{"line":17,"column":5}},"5":{"start":{"line":12,"column":24},"end":{"line":12,"column":65}},"6":{"start":{"line":13,"column":8},"end":{"line":13,"column":36}},"7":{"start":{"line":14,"column":8},"end":{"line":14,"column":15}},"8":{"start":{"line":16,"column":8},"end":{"line":16,"column":66}}},"fnMap":{"0":{"name":"(anonymous_0)","decl":{"start":{"line":4,"column":23},"end":{"line":4,"column":24}},"loc":{"start":{"line":4,"column":43},"end":{"line":18,"column":1}},"line":4}},"branchMap":{"0":{"loc":{"start":{"line":7,"column":4},"end":{"line":9,"column":5}},"type":"if","locations":[{"start":{"line":7,"column":4},"end":{"line":9,"column":5}},{"start":{},"end":{}}],"line":7}},"s":{"0":3,"1":3,"2":3,"3":1,"4":2,"5":2,"6":1,"7":1,"8":1},"f":{"0":3},"b":{"0":[1,2]},"inputSourceMap":null,"_coverageSchema":"1a1c01bbd47fc00a2c39e90264f33305004495a9","hash":"985b9971d58fa164e98db59f3d80411bce38319e"}
,"/Users/momiyamashodai/LifeChain/server/src/models/digitalArchive/DigitalArchive.js": {"path":"/Users/momiyamashodai/LifeChain/server/src/models/digitalArchive/DigitalArchive.js","statementMap":{"0":{"start":{"line":4,"column":29},"end":{"line":30,"column":2}},"1":{"start":{"line":32,"column":23},"end":{"line":32,"column":77}}},"fnMap":{},"branchMap":{},"s":{"0":3,"1":3},"f":{},"b":{},"inputSourceMap":null,"_coverageSchema":"1a1c01bbd47fc00a2c39e90264f33305004495a9","hash":"fff3911272d2bdc776232e65d4234d260aa21a77"}
,"/Users/momiyamashodai/LifeChain/server/src/models/user/User.js": {"path":"/Users/momiyamashodai/LifeChain/server/src/models/user/User.js","statementMap":{"0":{"start":{"line":5,"column":19},"end":{"line":28,"column":2}},"1":{"start":{"line":30,"column":13},"end":{"line":30,"column":47}}},"fnMap":{},"branchMap":{},"s":{"0":2,"1":2},"f":{},"b":{},"inputSourceMap":null,"_coverageSchema":"1a1c01bbd47fc00a2c39e90264f33305004495a9","hash":"1372f8d2cb4d8165c788e9762e7523c5539c8785"}
,"/Users/momiyamashodai/LifeChain/server/src/services/encryption/EncryptionService.js": {"path":"/Users/momiyamashodai/LifeChain/server/src/services/encryption/EncryptionService.js","statementMap":{"0":{"start":{"line":5,"column":29},"end":{"line":7,"column":1}},"1":{"start":{"line":6,"column":4},"end":{"line":6,"column":58}},"2":{"start":{"line":9,"column":20},"end":{"line":15,"column":1}},"3":{"start":{"line":10,"column":15},"end":{"line":10,"column":37}},"4":{"start":{"line":11,"column":19},"end":{"line":11,"column":73}},"5":{"start":{"line":12,"column":24},"end":{"line":12,"column":58}},"6":{"start":{"line":13,"column":4},"end":{"line":13,"column":41}},"7":{"start":{"line":14,"column":4},"end":{"line":14,"column":46}},"8":{"start":{"line":17,"column":20},"end":{"line":24,"column":1}},"9":{"start":{"line":18,"column":15},"end":{"line":18,"column":61}},"10":{"start":{"line":19,"column":17},"end":{"line":19,"column":40}},"11":{"start":{"line":20,"column":21},"end":{"line":20,"column":77}},"12":{"start":{"line":21,"column":24},"end":{"line":21,"column":60}},"13":{"start":{"line":22,"column":4},"end":{"line":22,"column":44}},"14":{"start":{"line":23,"column":4},"end":{"line":23,"column":25}},"15":{"start":{"line":26,"column":28},"end":{"line":36,"column":1}},"16":{"start":{"line":27,"column":34},"end":{"line":34,"column":5}},"17":{"start":{"line":35,"column":4},"end":{"line":35,"column":49}},"18":{"start":{"line":38,"column":28},"end":{"line":49,"column":1}},"19":{"start":{"line":39,"column":40},"end":{"line":39,"column":81}},"20":{"start":{"line":40,"column":34},"end":{"line":47,"column":5}},"21":{"start":{"line":48,"column":4},"end":{"line":48,"column":33}},"22":{"start":{"line":51,"column":29},"end":{"line":62,"column":1}},"23":{"start":{"line":52,"column":19},"end":{"line":52,"column":36}},"24":{"start":{"line":53,"column":22},"end":{"line":60,"column":5}},"25":{"start":{"line":61,"column":4},"end":{"line":61,"column":40}},"26":{"start":{"line":64,"column":30},"end":{"line":75,"column":1}},"27":{"start":{"line":65,"column":19},"end":{"line":65,"column":55}},"28":{"start":{"line":66,"column":22},"end":{"line":73,"column":5}},"29":{"start":{"line":74,"column":4},"end":{"line":74,"column":32}}},"fnMap":{"0":{"name":"(anonymous_0)","decl":{"start":{"line":5,"column":29},"end":{"line":5,"column":30}},"loc":{"start":{"line":5,"column":41},"end":{"line":7,"column":1}},"line":5},"1":{"name":"(anonymous_1)","decl":{"start":{"line":9,"column":20},"end":{"line":9,"column":21}},"loc":{"start":{"line":9,"column":50},"end":{"line":15,"column":1}},"line":9},"2":{"name":"(anonymous_2)","decl":{"start":{"line":17,"column":20},"end":{"line":17,"column":21}},"loc":{"start":{"line":17,"column":59},"end":{"line":24,"column":1}},"line":17},"3":{"name":"(anonymous_3)","decl":{"start":{"line":26,"column":28},"end":{"line":26,"column":29}},"loc":{"start":{"line":26,"column":63},"end":{"line":36,"column":1}},"line":26},"4":{"name":"(anonymous_4)","decl":{"start":{"line":38,"column":28},"end":{"line":38,"column":29}},"loc":{"start":{"line":38,"column":73},"end":{"line":49,"column":1}},"line":38},"5":{"name":"(anonymous_5)","decl":{"start":{"line":51,"column":29},"end":{"line":51,"column":30}},"loc":{"start":{"line":51,"column":56},"end":{"line":62,"column":1}},"line":51},"6":{"name":"(anonymous_6)","decl":{"start":{"line":64,"column":30},"end":{"line":64,"column":31}},"loc":{"start":{"line":64,"column":67},"end":{"line":75,"column":1}},"line":64}},"branchMap":{},"s":{"0":4,"1":3,"2":4,"3":1,"4":1,"5":1,"6":1,"7":1,"8":4,"9":1,"10":1,"11":1,"12":1,"13":1,"14":1,"15":4,"16":0,"17":0,"18":4,"19":0,"20":0,"21":0,"22":4,"23":0,"24":0,"25":0,"26":4,"27":0,"28":0,"29":0},"f":{"0":3,"1":1,"2":1,"3":0,"4":0,"5":0,"6":0},"b":{},"inputSourceMap":null,"_coverageSchema":"1a1c01bbd47fc00a2c39e90264f33305004495a9","hash":"08518e9813bbfc24c3c93e3efbb0789a64bf4142"}
,"/Users/momiyamashodai/LifeChain/server/src/services/keyManagement/keyManagementService.js": {"path":"/Users/momiyamashodai/LifeChain/server/src/services/keyManagement/keyManagementService.js","statementMap":{"0":{"start":{"line":11,"column":8},"end":{"line":11,"column":45}},"1":{"start":{"line":15,"column":23},"end":{"line":15,"column":51}},"2":{"start":{"line":16,"column":26},"end":{"line":16,"column":42}},"3":{"start":{"line":17,"column":27},"end":{"line":17,"column":44}},"4":{"start":{"line":19,"column":8},"end":{"line":23,"column":11}},"5":{"start":{"line":25,"column":8},"end":{"line":30,"column":10}},"6":{"start":{"line":34,"column":24},"end":{"line":34,"column":60}},"7":{"start":{"line":36,"column":8},"end":{"line":38,"column":9}},"8":{"start":{"line":37,"column":12},"end":{"line":37,"column":60}},"9":{"start":{"line":40,"column":8},"end":{"line":44,"column":11}},"10":{"start":{"line":46,"column":8},"end":{"line":46,"column":33}},"11":{"start":{"line":47,"column":8},"end":{"line":47,"column":23}},"12":{"start":{"line":51,"column":24},"end":{"line":51,"column":33}},"13":{"start":{"line":52,"column":24},"end":{"line":52,"column":73}},"14":{"start":{"line":54,"column":8},"end":{"line":56,"column":9}},"15":{"start":{"line":55,"column":12},"end":{"line":55,"column":50}},"16":{"start":{"line":58,"column":8},"end":{"line":62,"column":10}},"17":{"start":{"line":66,"column":36},"end":{"line":69,"column":9}},"18":{"start":{"line":70,"column":8},"end":{"line":70,"column":35}},"19":{"start":{"line":74,"column":36},"end":{"line":77,"column":9}},"20":{"start":{"line":78,"column":8},"end":{"line":78,"column":35}},"21":{"start":{"line":81,"column":36},"end":{"line":84,"column":9}},"22":{"start":{"line":86,"column":8},"end":{"line":89,"column":11}},"23":{"start":{"line":93,"column":36},"end":{"line":95,"column":9}},"24":{"start":{"line":97,"column":27},"end":{"line":100,"column":9}},"25":{"start":{"line":102,"column":8},"end":{"line":102,"column":26}}},"fnMap":{"0":{"name":"(anonymous_0)","decl":{"start":{"line":10,"column":4},"end":{"line":10,"column":5}},"loc":{"start":{"line":10,"column":32},"end":{"line":12,"column":5}},"line":10},"1":{"name":"(anonymous_1)","decl":{"start":{"line":14,"column":4},"end":{"line":14,"column":5}},"loc":{"start":{"line":14,"column":44},"end":{"line":31,"column":5}},"line":14},"2":{"name":"(anonymous_2)","decl":{"start":{"line":33,"column":4},"end":{"line":33,"column":5}},"loc":{"start":{"line":33,"column":63},"end":{"line":48,"column":5}},"line":33},"3":{"name":"(anonymous_3)","decl":{"start":{"line":50,"column":4},"end":{"line":50,"column":5}},"loc":{"start":{"line":50,"column":36},"end":{"line":63,"column":5}},"line":50},"4":{"name":"(anonymous_4)","decl":{"start":{"line":65,"column":4},"end":{"line":65,"column":5}},"loc":{"start":{"line":65,"column":51},"end":{"line":71,"column":5}},"line":65},"5":{"name":"(anonymous_5)","decl":{"start":{"line":73,"column":4},"end":{"line":73,"column":5}},"loc":{"start":{"line":73,"column":61},"end":{"line":79,"column":5}},"line":73},"6":{"name":"(anonymous_6)","decl":{"start":{"line":80,"column":4},"end":{"line":80,"column":5}},"loc":{"start":{"line":80,"column":57},"end":{"line":90,"column":5}},"line":80},"7":{"name":"(anonymous_7)","decl":{"start":{"line":92,"column":4},"end":{"line":92,"column":5}},"loc":{"start":{"line":92,"column":45},"end":{"line":103,"column":5}},"line":92}},"branchMap":{"0":{"loc":{"start":{"line":36,"column":8},"end":{"line":38,"column":9}},"type":"if","locations":[{"start":{"line":36,"column":8},"end":{"line":38,"column":9}},{"start":{},"end":{}}],"line":36},"1":{"loc":{"start":{"line":54,"column":8},"end":{"line":56,"column":9}},"type":"if","locations":[{"start":{"line":54,"column":8},"end":{"line":56,"column":9}},{"start":{},"end":{}}],"line":54}},"s":{"0":0,"1":0,"2":0,"3":0,"4":0,"5":0,"6":0,"7":0,"8":0,"9":0,"10":0,"11":0,"12":0,"13":0,"14":0,"15":0,"16":0,"17":0,"18":0,"19":0,"20":0,"21":0,"22":0,"23":0,"24":0,"25":0},"f":{"0":0,"1":0,"2":0,"3":0,"4":0,"5":0,"6":0,"7":0},"b":{"0":[0,0],"1":[0,0]},"inputSourceMap":null}
,"/Users/momiyamashodai/LifeChain/server/src/services/storage/StorageService.js": {"path":"/Users/momiyamashodai/LifeChain/server/src/services/storage/StorageService.js","statementMap":{"0":{"start":{"line":10,"column":8},"end":{"line":10,"column":37}},"1":{"start":{"line":14,"column":60},"end":{"line":14,"column":74}},"2":{"start":{"line":15,"column":8},"end":{"line":26,"column":9}},"3":{"start":{"line":16,"column":28},"end":{"line":16,"column":74}},"4":{"start":{"line":17,"column":12},"end":{"line":17,"column":47}},"5":{"start":{"line":18,"column":12},"end":{"line":18,"column":73}},"6":{"start":{"line":19,"column":25},"end":{"line":19,"column":68}},"7":{"start":{"line":20,"column":24},"end":{"line":20,"column":53}},"8":{"start":{"line":21,"column":12},"end":{"line":21,"column":102}},"9":{"start":{"line":22,"column":12},"end":{"line":22,"column":34}},"10":{"start":{"line":24,"column":12},"end":{"line":24,"column":67}},"11":{"start":{"line":25,"column":12},"end":{"line":25,"column":72}},"12":{"start":{"line":31,"column":8},"end":{"line":40,"column":9}},"13":{"start":{"line":32,"column":28},"end":{"line":32,"column":64}},"14":{"start":{"line":33,"column":31},"end":{"line":33,"column":71}},"15":{"start":{"line":34,"column":29},"end":{"line":34,"column":52}},"16":{"start":{"line":35,"column":25},"end":{"line":35,"column":46}},"17":{"start":{"line":36,"column":12},"end":{"line":36,"column":24}},"18":{"start":{"line":38,"column":12},"end":{"line":38,"column":64}},"19":{"start":{"line":39,"column":12},"end":{"line":39,"column":75}},"20":{"start":{"line":44,"column":29},"end":{"line":44,"column":65}},"21":{"start":{"line":45,"column":8},"end":{"line":45,"column":28}}},"fnMap":{"0":{"name":"(anonymous_0)","decl":{"start":{"line":9,"column":4},"end":{"line":9,"column":5}},"loc":{"start":{"line":9,"column":18},"end":{"line":11,"column":5}},"line":9},"1":{"name":"(anonymous_1)","decl":{"start":{"line":13,"column":4},"end":{"line":13,"column":5}},"loc":{"start":{"line":13,"column":32},"end":{"line":27,"column":5}},"line":13},"2":{"name":"(anonymous_2)","decl":{"start":{"line":30,"column":4},"end":{"line":30,"column":5}},"loc":{"start":{"line":30,"column":23},"end":{"line":41,"column":5}},"line":30},"3":{"name":"(anonymous_3)","decl":{"start":{"line":43,"column":4},"end":{"line":43,"column":5}},"loc":{"start":{"line":43,"column":29},"end":{"line":46,"column":5}},"line":43}},"branchMap":{},"s":{"0":3,"1":1,"2":1,"3":1,"4":1,"5":1,"6":1,"7":1,"8":1,"9":1,"10":0,"11":0,"12":1,"13":1,"14":1,"15":1,"16":1,"17":1,"18":0,"19":0,"20":2,"21":2},"f":{"0":3,"1":1,"2":1,"3":2},"b":{},"inputSourceMap":null,"_coverageSchema":"1a1c01bbd47fc00a2c39e90264f33305004495a9","hash":"eb6f3acd7df1122448c0d86efe18f6c7d80414dc"}
,"/Users/momiyamashodai/LifeChain/server/src/test/setup.js": {"path":"/Users/momiyamashodai/LifeChain/server/src/test/setup.js","statementMap":{"0":{"start":{"line":2,"column":0},"end":{"line":2,"column":39}}},"fnMap":{},"branchMap":{},"s":{"0":0},"f":{},"b":{},"inputSourceMap":null}
,"/Users/momiyamashodai/LifeChain/server/src/useCases/createDigitalArchive/CreateDigitalArchive.js": {"path":"/Users/momiyamashodai/LifeChain/server/src/useCases/createDigitalArchive/CreateDigitalArchive.js","statementMap":{"0":{"start":{"line":6,"column":29},"end":{"line":21,"column":1}},"1":{"start":{"line":7,"column":25},"end":{"line":7,"column":71}},"2":{"start":{"line":8,"column":29},"end":{"line":8,"column":87}},"3":{"start":{"line":9,"column":34},"end":{"line":9,"column":99}},"4":{"start":{"line":11,"column":27},"end":{"line":15,"column":6}},"5":{"start":{"line":17,"column":4},"end":{"line":17,"column":47}},"6":{"start":{"line":18,"column":4},"end":{"line":18,"column":32}},"7":{"start":{"line":20,"column":4},"end":{"line":20,"column":26}}},"fnMap":{"0":{"name":"(anonymous_0)","decl":{"start":{"line":6,"column":29},"end":{"line":6,"column":30}},"loc":{"start":{"line":6,"column":56},"end":{"line":21,"column":1}},"line":6}},"branchMap":{},"s":{"0":2,"1":0,"2":0,"3":0,"4":0,"5":0,"6":0,"7":0},"f":{"0":0},"b":{},"inputSourceMap":null,"_coverageSchema":"1a1c01bbd47fc00a2c39e90264f33305004495a9","hash":"17e3cc1064f11a843a7947b962ff9ba2b0905111"}
,"/Users/momiyamashodai/LifeChain/server/src/useCases/getDigitalArchive/GetDigitalArchive.js": {"path":"/Users/momiyamashodai/LifeChain/server/src/useCases/getDigitalArchive/GetDigitalArchive.js","statementMap":{"0":{"start":{"line":7,"column":26},"end":{"line":21,"column":1}},"1":{"start":{"line":8,"column":27},"end":{"line":8,"column":74}},"2":{"start":{"line":9,"column":4},"end":{"line":11,"column":5}},"3":{"start":{"line":10,"column":8},"end":{"line":10,"column":53}},"4":{"start":{"line":13,"column":29},"end":{"line":13,"column":70}},"5":{"start":{"line":14,"column":25},"end":{"line":17,"column":5}},"6":{"start":{"line":18,"column":20},"end":{"line":18,"column":87}},"7":{"start":{"line":20,"column":4},"end":{"line":20,"column":53}}},"fnMap":{"0":{"name":"(anonymous_0)","decl":{"start":{"line":7,"column":26},"end":{"line":7,"column":27}},"loc":{"start":{"line":7,"column":66},"end":{"line":21,"column":1}},"line":7}},"branchMap":{"0":{"loc":{"start":{"line":9,"column":4},"end":{"line":11,"column":5}},"type":"if","locations":[{"start":{"line":9,"column":4},"end":{"line":11,"column":5}},{"start":{},"end":{}}],"line":9}},"s":{"0":2,"1":0,"2":0,"3":0,"4":0,"5":0,"6":0,"7":0},"f":{"0":0},"b":{"0":[0,0]},"inputSourceMap":null,"_coverageSchema":"1a1c01bbd47fc00a2c39e90264f33305004495a9","hash":"8427e37d4b8cfa7ab0e97522f84f017d39a33ad8"}
,"/Users/momiyamashodai/LifeChain/server/src/utils/CustomError.js": {"path":"/Users/momiyamashodai/LifeChain/server/src/utils/CustomError.js","statementMap":{"0":{"start":{"line":4,"column":8},"end":{"line":4,"column":23}},"1":{"start":{"line":5,"column":8},"end":{"line":5,"column":37}}},"fnMap":{"0":{"name":"(anonymous_0)","decl":{"start":{"line":3,"column":4},"end":{"line":3,"column":5}},"loc":{"start":{"line":3,"column":37},"end":{"line":6,"column":5}},"line":3}},"branchMap":{},"s":{"0":0,"1":0},"f":{"0":0},"b":{},"inputSourceMap":null,"_coverageSchema":"1a1c01bbd47fc00a2c39e90264f33305004495a9","hash":"b92db0e281332c8ddbae16c8fe382595421d3200"}
,"/Users/momiyamashodai/LifeChain/server/src/utils/digitalArchiveUtils.js": {"path":"/Users/momiyamashodai/LifeChain/server/src/utils/digitalArchiveUtils.js","statementMap":{"0":{"start":{"line":4,"column":28},"end":{"line":13,"column":1}},"1":{"start":{"line":6,"column":4},"end":{"line":11,"column":5}},"2":{"start":{"line":7,"column":8},"end":{"line":7,"column":80}},"3":{"start":{"line":9,"column":8},"end":{"line":9,"column":60}},"4":{"start":{"line":10,"column":8},"end":{"line":10,"column":83}},"5":{"start":{"line":12,"column":4},"end":{"line":12,"column":28}}},"fnMap":{"0":{"name":"(anonymous_0)","decl":{"start":{"line":4,"column":28},"end":{"line":4,"column":29}},"loc":{"start":{"line":4,"column":54},"end":{"line":13,"column":1}},"line":4}},"branchMap":{},"s":{"0":2,"1":0,"2":0,"3":0,"4":0,"5":0},"f":{"0":0},"b":{},"inputSourceMap":null,"_coverageSchema":"1a1c01bbd47fc00a2c39e90264f33305004495a9","hash":"999f2c6994f1b6710029f7db634b6f628038cfeb"}
,"/Users/momiyamashodai/LifeChain/server/src/utils/encryptionUtils.js": {"path":"/Users/momiyamashodai/LifeChain/server/src/utils/encryptionUtils.js","statementMap":{"0":{"start":{"line":5,"column":0},"end":{"line":5,"column":16}},"1":{"start":{"line":7,"column":23},"end":{"line":7,"column":49}},"2":{"start":{"line":8,"column":18},"end":{"line":8,"column":20}},"3":{"start":{"line":10,"column":23},"end":{"line":16,"column":1}},"4":{"start":{"line":11,"column":15},"end":{"line":11,"column":44}},"5":{"start":{"line":12,"column":19},"end":{"line":12,"column":88}},"6":{"start":{"line":13,"column":20},"end":{"line":13,"column":39}},"7":{"start":{"line":14,"column":4},"end":{"line":14,"column":59}},"8":{"start":{"line":15,"column":4},"end":{"line":15,"column":64}},"9":{"start":{"line":18,"column":23},"end":{"line":26,"column":1}},"10":{"start":{"line":19,"column":22},"end":{"line":19,"column":37}},"11":{"start":{"line":20,"column":15},"end":{"line":20,"column":52}},"12":{"start":{"line":21,"column":26},"end":{"line":21,"column":65}},"13":{"start":{"line":22,"column":21},"end":{"line":22,"column":92}},"14":{"start":{"line":23,"column":20},"end":{"line":23,"column":50}},"15":{"start":{"line":24,"column":4},"end":{"line":24,"column":61}},"16":{"start":{"line":25,"column":4},"end":{"line":25,"column":32}},"17":{"start":{"line":28,"column":37},"end":{"line":30,"column":1}},"18":{"start":{"line":29,"column":4},"end":{"line":29,"column":50}}},"fnMap":{"0":{"name":"(anonymous_0)","decl":{"start":{"line":10,"column":23},"end":{"line":10,"column":24}},"loc":{"start":{"line":10,"column":33},"end":{"line":16,"column":1}},"line":10},"1":{"name":"(anonymous_1)","decl":{"start":{"line":18,"column":23},"end":{"line":18,"column":24}},"loc":{"start":{"line":18,"column":33},"end":{"line":26,"column":1}},"line":18},"2":{"name":"(anonymous_2)","decl":{"start":{"line":28,"column":37},"end":{"line":28,"column":38}},"loc":{"start":{"line":28,"column":43},"end":{"line":30,"column":1}},"line":28}},"branchMap":{},"s":{"0":2,"1":2,"2":2,"3":2,"4":0,"5":0,"6":0,"7":0,"8":0,"9":2,"10":0,"11":0,"12":0,"13":0,"14":0,"15":0,"16":0,"17":2,"18":1},"f":{"0":0,"1":0,"2":1},"b":{},"inputSourceMap":null,"_coverageSchema":"1a1c01bbd47fc00a2c39e90264f33305004495a9","hash":"91821483c8660bc604801900447323007d6963d3"}
,"/Users/momiyamashodai/LifeChain/server/src/utils/jwtUtils.js": {"path":"/Users/momiyamashodai/LifeChain/server/src/utils/jwtUtils.js","statementMap":{"0":{"start":{"line":4,"column":22},"end":{"line":6,"column":1}},"1":{"start":{"line":5,"column":4},"end":{"line":5,"column":77}},"2":{"start":{"line":8,"column":20},"end":{"line":10,"column":1}},"3":{"start":{"line":9,"column":4},"end":{"line":9,"column":53}}},"fnMap":{"0":{"name":"(anonymous_0)","decl":{"start":{"line":4,"column":22},"end":{"line":4,"column":23}},"loc":{"start":{"line":4,"column":34},"end":{"line":6,"column":1}},"line":4},"1":{"name":"(anonymous_1)","decl":{"start":{"line":8,"column":20},"end":{"line":8,"column":21}},"loc":{"start":{"line":8,"column":31},"end":{"line":10,"column":1}},"line":8}},"branchMap":{},"s":{"0":2,"1":0,"2":2,"3":0},"f":{"0":0,"1":0},"b":{},"inputSourceMap":null,"_coverageSchema":"1a1c01bbd47fc00a2c39e90264f33305004495a9","hash":"0eacf81c25bea191f9bce93f03a8bc686e701bdd"}
,"/Users/momiyamashodai/LifeChain/server/src/utils/userUtils.js": {"path":"/Users/momiyamashodai/LifeChain/server/src/utils/userUtils.js","statementMap":{"0":{"start":{"line":6,"column":29},"end":{"line":18,"column":1}},"1":{"start":{"line":7,"column":17},"end":{"line":7,"column":44}},"2":{"start":{"line":8,"column":4},"end":{"line":10,"column":5}},"3":{"start":{"line":9,"column":8},"end":{"line":9,"column":42}},"4":{"start":{"line":13,"column":26},"end":{"line":13,"column":44}},"5":{"start":{"line":14,"column":32},"end":{"line":14,"column":56}},"6":{"start":{"line":15,"column":23},"end":{"line":15,"column":72}},"7":{"start":{"line":17,"column":4},"end":{"line":17,"column":22}}},"fnMap":{"0":{"name":"(anonymous_0)","decl":{"start":{"line":6,"column":29},"end":{"line":6,"column":30}},"loc":{"start":{"line":6,"column":47},"end":{"line":18,"column":1}},"line":6}},"branchMap":{"0":{"loc":{"start":{"line":8,"column":4},"end":{"line":10,"column":5}},"type":"if","locations":[{"start":{"line":8,"column":4},"end":{"line":10,"column":5}},{"start":{},"end":{}}],"line":8}},"s":{"0":2,"1":0,"2":0,"3":0,"4":0,"5":0,"6":0,"7":0},"f":{"0":0},"b":{"0":[0,0]},"inputSourceMap":null,"_coverageSchema":"1a1c01bbd47fc00a2c39e90264f33305004495a9","hash":"98eabe18d917c6b324340f8d4b2a4af9ba092e18"}
}
