TN:
SF:src/app.js
FNF:0
FNH:0
DA:7,2
DA:10,2
DA:12,2
DA:13,2
DA:14,2
LF:5
LH:5
BRF:0
BRH:0
end_of_record
TN:
SF:src/config.js
FNF:0
FNH:0
DA:2,4
LF:1
LH:1
BRDA:3,0,0,4
BRDA:3,0,1,4
BRDA:4,1,0,4
BRDA:4,1,1,4
BRF:4
BRH:4
end_of_record
TN:
SF:src/routes.js
FNF:0
FNH:0
DA:8,2
DA:10,2
DA:11,2
DA:13,2
DA:14,2
DA:15,2
DA:16,2
LF:7
LH:7
BRF:0
BRH:0
end_of_record
TN:
SF:src/config/database.js
FN:6,(anonymous_0)
FN:19,(anonymous_1)
FNF:2
FNH:2
FNDA:2,(anonymous_0)
FNDA:2,(anonymous_1)
DA:4,2
DA:6,2
DA:7,2
DA:8,2
DA:12,2
DA:14,0
DA:15,0
DA:19,2
DA:20,2
DA:21,2
DA:22,2
DA:24,0
DA:25,0
LF:13
LH:9
BRF:0
BRH:0
end_of_record
TN:
SF:src/config/lit.js
FN:5,(anonymous_0)
FNF:1
FNH:0
FNDA:0,(anonymous_0)
DA:5,0
DA:6,0
DA:7,0
DA:9,0
DA:14,0
DA:16,0
LF:6
LH:0
BRF:0
BRH:0
end_of_record
TN:
SF:src/controllers/auth/AuthController.js
FN:8,(anonymous_0)
FN:33,(anonymous_1)
FNF:2
FNH:2
FNDA:2,(anonymous_0)
FNDA:2,(anonymous_1)
DA:8,2
DA:10,2
DA:12,2
DA:13,2
DA:14,2
DA:15,2
DA:18,0
DA:19,0
DA:20,0
DA:23,0
DA:25,0
DA:27,0
DA:28,0
DA:33,2
DA:34,2
DA:36,2
DA:37,2
DA:38,2
DA:39,1
DA:42,1
DA:44,1
DA:45,1
DA:51,1
DA:52,1
DA:54,0
DA:55,0
DA:56,0
DA:58,0
LF:28
LH:17
BRDA:14,0,0,2
BRDA:14,0,1,0
BRDA:19,1,0,0
BRDA:19,1,1,0
BRDA:38,2,0,1
BRDA:38,2,1,1
BRDA:55,3,0,0
BRDA:55,3,1,0
BRF:8
BRH:3
end_of_record
TN:
SF:src/controllers/digitalArchive/DigitalArchiveController.js
FN:12,(anonymous_0)
FN:44,(anonymous_1)
FN:67,(anonymous_2)
FN:86,(anonymous_3)
FNF:4
FNH:0
FNDA:0,(anonymous_0)
FNDA:0,(anonymous_1)
FNDA:0,(anonymous_2)
FNDA:0,(anonymous_3)
DA:12,2
DA:13,0
DA:14,0
DA:16,0
DA:17,0
DA:18,0
DA:20,0
DA:21,0
DA:22,0
DA:23,0
DA:29,0
DA:31,0
DA:33,0
DA:34,0
DA:35,0
DA:38,0
DA:44,2
DA:45,0
DA:46,0
DA:48,0
DA:49,0
DA:50,0
DA:51,0
DA:54,0
DA:55,0
DA:56,0
DA:58,0
DA:60,0
DA:61,0
DA:67,2
DA:68,0
DA:69,0
DA:70,0
DA:72,0
DA:73,0
DA:74,0
DA:75,0
DA:78,0
DA:79,0
DA:81,0
DA:82,0
DA:86,2
DA:87,0
DA:88,0
DA:90,0
DA:91,0
DA:92,0
DA:93,0
DA:96,0
DA:97,0
DA:99,0
DA:100,0
LF:52
LH:4
BRDA:17,0,0,0
BRDA:17,0,1,0
BRDA:34,1,0,0
BRDA:34,1,1,0
BRDA:50,2,0,0
BRDA:50,2,1,0
BRDA:74,3,0,0
BRDA:74,3,1,0
BRDA:92,4,0,0
BRDA:92,4,1,0
BRF:10
BRH:0
end_of_record
TN:
SF:src/lib/IrysClient.js
FN:10,(anonymous_0)
FN:15,(anonymous_1)
FN:35,(anonymous_2)
FN:44,(anonymous_3)
FN:50,(anonymous_4)
FN:56,(anonymous_5)
FN:70,(anonymous_6)
FN:80,(anonymous_7)
FN:90,(anonymous_8)
FNF:9
FNH:6
FNDA:4,(anonymous_0)
FNDA:4,(anonymous_1)
FNDA:1,(anonymous_2)
FNDA:0,(anonymous_3)
FNDA:3,(anonymous_4)
FNDA:2,(anonymous_5)
FNDA:0,(anonymous_6)
FNDA:0,(anonymous_7)
FNDA:2,(anonymous_8)
DA:5,4
DA:11,4
DA:12,4
DA:16,4
DA:17,4
DA:18,4
DA:19,4
DA:21,4
DA:27,4
DA:29,0
DA:30,0
DA:36,1
DA:37,1
DA:38,1
DA:40,0
DA:45,0
DA:46,0
DA:47,0
DA:51,3
DA:52,3
DA:53,3
DA:57,2
DA:58,0
DA:60,2
DA:61,2
DA:62,2
DA:63,2
DA:65,0
DA:66,0
DA:71,0
DA:72,0
DA:73,0
DA:75,0
DA:76,0
DA:81,0
DA:82,0
DA:83,0
DA:85,0
DA:86,0
DA:91,2
DA:92,0
DA:94,2
DA:95,2
DA:96,2
DA:98,0
DA:99,0
LF:46
LH:24
BRDA:57,0,0,0
BRDA:57,0,1,2
BRDA:91,1,0,0
BRDA:91,1,1,2
BRF:4
BRH:2
end_of_record
TN:
SF:src/lib/LitActions.js
FNF:0
FNH:0
LF:0
LH:0
BRF:0
BRH:0
end_of_record
TN:
SF:src/middlewares/auth.js
FN:4,(anonymous_0)
FNF:1
FNH:1
FNDA:3,(anonymous_0)
DA:4,3
DA:5,3
DA:7,3
DA:8,1
DA:11,2
DA:12,2
DA:13,1
DA:14,1
DA:16,1
LF:9
LH:9
BRDA:7,0,0,1
BRDA:7,0,1,2
BRF:2
BRH:2
end_of_record
TN:
SF:src/models/digitalArchive/DigitalArchive.js
FNF:0
FNH:0
DA:4,3
DA:32,3
LF:2
LH:2
BRF:0
BRH:0
end_of_record
TN:
SF:src/models/user/User.js
FNF:0
FNH:0
DA:5,2
DA:30,2
LF:2
LH:2
BRF:0
BRH:0
end_of_record
TN:
SF:src/services/encryption/EncryptionService.js
FN:5,(anonymous_0)
FN:9,(anonymous_1)
FN:17,(anonymous_2)
FN:26,(anonymous_3)
FN:38,(anonymous_4)
FN:51,(anonymous_5)
FN:64,(anonymous_6)
FNF:7
FNH:3
FNDA:3,(anonymous_0)
FNDA:1,(anonymous_1)
FNDA:1,(anonymous_2)
FNDA:0,(anonymous_3)
FNDA:0,(anonymous_4)
FNDA:0,(anonymous_5)
FNDA:0,(anonymous_6)
DA:5,4
DA:6,3
DA:9,4
DA:10,1
DA:11,1
DA:12,1
DA:13,1
DA:14,1
DA:17,4
DA:18,1
DA:19,1
DA:20,1
DA:21,1
DA:22,1
DA:23,1
DA:26,4
DA:27,0
DA:35,0
DA:38,4
DA:39,0
DA:40,0
DA:48,0
DA:51,4
DA:52,0
DA:53,0
DA:61,0
DA:64,4
DA:65,0
DA:66,0
DA:74,0
LF:30
LH:19
BRF:0
BRH:0
end_of_record
TN:
SF:src/services/keyManagement/keyManagementService.js
FN:10,(anonymous_0)
FN:14,(anonymous_1)
FN:33,(anonymous_2)
FN:50,(anonymous_3)
FN:65,(anonymous_4)
FN:73,(anonymous_5)
FN:80,(anonymous_6)
FN:92,(anonymous_7)
FNF:8
FNH:0
FNDA:0,(anonymous_0)
FNDA:0,(anonymous_1)
FNDA:0,(anonymous_2)
FNDA:0,(anonymous_3)
FNDA:0,(anonymous_4)
FNDA:0,(anonymous_5)
FNDA:0,(anonymous_6)
FNDA:0,(anonymous_7)
DA:11,0
DA:15,0
DA:16,0
DA:17,0
DA:19,0
DA:25,0
DA:34,0
DA:36,0
DA:37,0
DA:40,0
DA:46,0
DA:47,0
DA:51,0
DA:52,0
DA:54,0
DA:55,0
DA:58,0
DA:66,0
DA:70,0
DA:74,0
DA:78,0
DA:81,0
DA:86,0
DA:93,0
DA:97,0
DA:102,0
LF:26
LH:0
BRDA:36,0,0,0
BRDA:36,0,1,0
BRDA:54,1,0,0
BRDA:54,1,1,0
BRF:4
BRH:0
end_of_record
TN:
SF:src/services/storage/StorageService.js
FN:9,(anonymous_0)
FN:13,(anonymous_1)
FN:30,(anonymous_2)
FN:43,(anonymous_3)
FNF:4
FNH:4
FNDA:3,(anonymous_0)
FNDA:1,(anonymous_1)
FNDA:1,(anonymous_2)
FNDA:2,(anonymous_3)
DA:10,3
DA:14,1
DA:15,1
DA:16,1
DA:17,1
DA:18,1
DA:19,1
DA:20,1
DA:21,1
DA:22,1
DA:24,0
DA:25,0
DA:31,1
DA:32,1
DA:33,1
DA:34,1
DA:35,1
DA:36,1
DA:38,0
DA:39,0
DA:44,2
DA:45,2
LF:22
LH:18
BRF:0
BRH:0
end_of_record
TN:
SF:src/test/setup.js
FNF:0
FNH:0
DA:2,0
LF:1
LH:0
BRF:0
BRH:0
end_of_record
TN:
SF:src/useCases/createDigitalArchive/CreateDigitalArchive.js
FN:6,(anonymous_0)
FNF:1
FNH:0
FNDA:0,(anonymous_0)
DA:6,2
DA:7,0
DA:8,0
DA:9,0
DA:11,0
DA:17,0
DA:18,0
DA:20,0
LF:8
LH:1
BRF:0
BRH:0
end_of_record
TN:
SF:src/useCases/getDigitalArchive/GetDigitalArchive.js
FN:7,(anonymous_0)
FNF:1
FNH:0
FNDA:0,(anonymous_0)
DA:7,2
DA:8,0
DA:9,0
DA:10,0
DA:13,0
DA:14,0
DA:18,0
DA:20,0
LF:8
LH:1
BRDA:9,0,0,0
BRDA:9,0,1,0
BRF:2
BRH:0
end_of_record
TN:
SF:src/utils/CustomError.js
FN:3,(anonymous_0)
FNF:1
FNH:0
FNDA:0,(anonymous_0)
DA:4,0
DA:5,0
LF:2
LH:0
BRF:0
BRH:0
end_of_record
TN:
SF:src/utils/digitalArchiveUtils.js
FN:4,(anonymous_0)
FNF:1
FNH:0
FNDA:0,(anonymous_0)
DA:4,2
DA:6,0
DA:7,0
DA:9,0
DA:10,0
DA:12,0
LF:6
LH:1
BRF:0
BRH:0
end_of_record
TN:
SF:src/utils/encryptionUtils.js
FN:10,(anonymous_0)
FN:18,(anonymous_1)
FN:28,(anonymous_2)
FNF:3
FNH:1
FNDA:0,(anonymous_0)
FNDA:0,(anonymous_1)
FNDA:1,(anonymous_2)
DA:5,2
DA:7,2
DA:8,2
DA:10,2
DA:11,0
DA:12,0
DA:13,0
DA:14,0
DA:15,0
DA:18,2
DA:19,0
DA:20,0
DA:21,0
DA:22,0
DA:23,0
DA:24,0
DA:25,0
DA:28,2
DA:29,1
LF:19
LH:7
BRF:0
BRH:0
end_of_record
TN:
SF:src/utils/jwtUtils.js
FN:4,(anonymous_0)
FN:8,(anonymous_1)
FNF:2
FNH:0
FNDA:0,(anonymous_0)
FNDA:0,(anonymous_1)
DA:4,2
DA:5,0
DA:8,2
DA:9,0
LF:4
LH:2
BRF:0
BRH:0
end_of_record
TN:
SF:src/utils/userUtils.js
FN:6,(anonymous_0)
FNF:1
FNH:0
FNDA:0,(anonymous_0)
DA:6,2
DA:7,0
DA:8,0
DA:9,0
DA:13,0
DA:14,0
DA:15,0
DA:17,0
LF:8
LH:1
BRDA:8,0,0,0
BRDA:8,0,1,0
BRF:2
BRH:0
end_of_record
